New log file opened at Tue Aug 11 11:44:07 EDT 2015 by 5768@E430-SPED-22
Sending msg to client play-fork-run-401890da-935b-4c6c-a234-4d69d516cc5f: DetachedLogEvent(LogMessage(debug,sbt server socket logs are in: C:\Users\bram.zerbe\play-scala\.sbtserver\connections\master.log))
Sending msg to client play-fork-run-401890da-935b-4c6c-a234-4d69d516cc5f: DetachedLogEvent(LogMessage(debug,sbt client logs are in: C:\Users\bram.zerbe\play-scala\.sbtserver\connections\play-fork-run-401890da-935b-4c6c-a234-4d69d516cc5f.log))
Sending msg to client play-fork-run-401890da-935b-4c6c-a234-4d69d516cc5f: DetachedLogEvent(LogMessage(debug,sbt general server logs are in: C:\Users\bram.zerbe\play-scala\.sbtserver\master.log))
Reading next message from client.
Got request: DaemonRequest(true)
Reading next message from client.
Sending msg to client play-fork-run-401890da-935b-4c6c-a234-4d69d516cc5f: (3,ReceivedResponse())
Got request: ListenToEvents()
Reading next message from client.
Sending msg to client play-fork-run-401890da-935b-4c6c-a234-4d69d516cc5f: BackgroundJobStarted(6,BackgroundJobInfo(1,backgroundRun,AttributeKey[sbt.BackgroundJobHandle]("backgroundRun") in Scope(Build: file:/C:/Users/bram.zerbe/play-scala/, , Project: ProjectReference(file:/C:/Users/bram.zerbe/play-scala/,root), Config: compile)))
Sending msg to client play-fork-run-401890da-935b-4c6c-a234-4d69d516cc5f: (4,ReceivedResponse())
Got request: KeyLookupRequest(root/playForkConfig)
Reading next message from client.
Sending msg to client play-fork-run-401890da-935b-4c6c-a234-4d69d516cc5f: (5,KeyLookupResponse(root/playForkConfig,Vector(AttributeKey[play.forkrun.protocol.ForkConfig]("playForkConfig") in Scope(Build: file:/C:/Users/bram.zerbe/play-scala/, , Project: ProjectReference(file:/C:/Users/bram.zerbe/play-scala/,root)))))
Got request: ListenToValue(AttributeKey[play.forkrun.protocol.ForkConfig]("playForkConfig") in Scope(Build: file:/C:/Users/bram.zerbe/play-scala/, , Project: ProjectReference(file:/C:/Users/bram.zerbe/play-scala/,root)))
Reading next message from client.
Sending msg to client play-fork-run-401890da-935b-4c6c-a234-4d69d516cc5f: (6,ReceivedResponse())
Got request: KeyExecutionRequest(AttributeKey[play.forkrun.protocol.ForkConfig]("playForkConfig") in Scope(Build: file:/C:/Users/bram.zerbe/play-scala/, , Project: ProjectReference(file:/C:/Users/bram.zerbe/play-scala/,root)))
Reading next message from client.
Sending msg to client play-fork-run-401890da-935b-4c6c-a234-4d69d516cc5f: (7,ExecutionRequestReceived(7))
Sending msg to client play-fork-run-401890da-935b-4c6c-a234-4d69d516cc5f: ExecutionWaiting(7,{file:/C:/Users/bram.zerbe/play-scala/}root/*:playForkConfig,ClientInfo(401890da-935b-4c6c-a234-4d69d516cc5f,play-fork-run,Play Fork Run,1,Vector()))
Sending msg to client play-fork-run-401890da-935b-4c6c-a234-4d69d516cc5f: ExecutionStarting(7)
Sending msg to client play-fork-run-401890da-935b-4c6c-a234-4d69d516cc5f: DetachedLogEvent(LogMessage(debug,> {file:/C:/Users/bram.zerbe/play-scala/}root/*:playForkConfig))
Sending msg to client play-fork-run-401890da-935b-4c6c-a234-4d69d516cc5f: DetachedLogEvent(LogMessage(debug,Evaluating tasks: *:playForkConfig))
Sending msg to client play-fork-run-401890da-935b-4c6c-a234-4d69d516cc5f: DetachedLogEvent(LogMessage(debug,Running task... Cancel: sbt.server.ServerTaskCancellation@681671e9, check cycles: false))
Sending msg to client play-fork-run-401890da-935b-4c6c-a234-4d69d516cc5f: DetachedLogEvent(LogMessage(debug,cancel strategy start enabled=true lastCommand=Some(LastCommand(CommandExecutionWork(ExecutionId(7),{file:/C:/Users/bram.zerbe/play-scala/}root/*:playForkConfig,Set(LiveClient(play-fork-run 401890da-935b-4c6c-a234-4d69d516cc5f)),sbt.server.WorkCancellationStatus$$anon$1@72e2c75f)))))
Sending msg to client play-fork-run-401890da-935b-4c6c-a234-4d69d516cc5f: TaskStarted(7,426,Some(AttributeKey[scala.Tuple2[java.lang.String,java.io.File]]("playPrefixAndAssets") in Scope(Build: file:/C:/Users/bram.zerbe/play-scala/, , Project: ProjectReference(file:/C:/Users/bram.zerbe/play-scala/,root))))
Sending msg to client play-fork-run-401890da-935b-4c6c-a234-4d69d516cc5f: TaskStarted(7,427,Some(AttributeKey[scala.Option[java.lang.String]]("mainClass") in Scope(Build: file:/C:/Users/bram.zerbe/play-scala/, , Project: ProjectReference(file:/C:/Users/bram.zerbe/play-scala/,root), Config: compile, Task: AttributeKey[void]("run"))))
Sending msg to client play-fork-run-401890da-935b-4c6c-a234-4d69d516cc5f: TaskStarted(7,431,None)
Sending msg to client play-fork-run-401890da-935b-4c6c-a234-4d69d516cc5f: TaskStarted(7,432,Some(AttributeKey[boolean]("skip") in Scope(Global)))
Sending msg to client play-fork-run-401890da-935b-4c6c-a234-4d69d516cc5f: TaskStarted(7,434,None)
Sending msg to client play-fork-run-401890da-935b-4c6c-a234-4d69d516cc5f: TaskStarted(7,435,None)
Sending msg to client play-fork-run-401890da-935b-4c6c-a234-4d69d516cc5f: TaskStarted(7,437,None)
Sending msg to client play-fork-run-401890da-935b-4c6c-a234-4d69d516cc5f: TaskStarted(7,441,None)
Sending msg to client play-fork-run-401890da-935b-4c6c-a234-4d69d516cc5f: TaskStarted(7,442,Some(AttributeKey[scala.collection.Seq[sbt.Credentials]]("credentials") in Scope(Global)))
Sending msg to client play-fork-run-401890da-935b-4c6c-a234-4d69d516cc5f: TaskStarted(7,445,Some(AttributeKey[scala.collection.Seq[sbt.Resolver]]("externalResolvers") in Scope(Build: file:/C:/Users/bram.zerbe/play-scala/, , Project: ProjectReference(file:/C:/Users/bram.zerbe/play-scala/,root))))
Sending msg to client play-fork-run-401890da-935b-4c6c-a234-4d69d516cc5f: TaskStarted(7,451,Some(AttributeKey[scala.Option[scala.collection.Seq[sbt.Resolver]]]("bootResolvers") in Scope(Build: file:/C:/Users/bram.zerbe/play-scala/, , Project: ProjectReference(file:/C:/Users/bram.zerbe/play-scala/,root))))
Sending msg to client play-fork-run-401890da-935b-4c6c-a234-4d69d516cc5f: TaskStarted(7,459,Some(AttributeKey[java.lang.String]("updateCacheName") in Scope(Build: file:/C:/Users/bram.zerbe/play-scala/, , Project: ProjectReference(file:/C:/Users/bram.zerbe/play-scala/,root))))
Sending msg to client play-fork-run-401890da-935b-4c6c-a234-4d69d516cc5f: TaskStarted(7,461,None)
Sending msg to client play-fork-run-401890da-935b-4c6c-a234-4d69d516cc5f: TaskStarted(7,472,None)
Sending msg to client play-fork-run-401890da-935b-4c6c-a234-4d69d516cc5f: TaskStarted(7,477,Some(AttributeKey[scala.collection.Seq[java.lang.String]]("javaOptions") in Scope(Global)))
Sending msg to client play-fork-run-401890da-935b-4c6c-a234-4d69d516cc5f: TaskStarted(7,479,None)
Sending msg to client play-fork-run-401890da-935b-4c6c-a234-4d69d516cc5f: TaskFinished(7,431,None,true,None)
Sending msg to client play-fork-run-401890da-935b-4c6c-a234-4d69d516cc5f: TaskFinished(7,427,Some(AttributeKey[scala.Option[java.lang.String]]("mainClass") in Scope(Build: file:/C:/Users/bram.zerbe/play-scala/, , Project: ProjectReference(file:/C:/Users/bram.zerbe/play-scala/,root), Config: compile, Task: AttributeKey[void]("run"))),true,None)
Sending msg to client play-fork-run-401890da-935b-4c6c-a234-4d69d516cc5f: TaskFinished(7,426,Some(AttributeKey[scala.Tuple2[java.lang.String,java.io.File]]("playPrefixAndAssets") in Scope(Build: file:/C:/Users/bram.zerbe/play-scala/, , Project: ProjectReference(file:/C:/Users/bram.zerbe/play-scala/,root))),true,None)
Sending msg to client play-fork-run-401890da-935b-4c6c-a234-4d69d516cc5f: TaskStarted(7,425,Some(AttributeKey[scala.collection.Seq[scala.Tuple2[java.lang.String,java.io.File]]]("playAllAssets") in Scope(Build: file:/C:/Users/bram.zerbe/play-scala/, , Project: ProjectReference(file:/C:/Users/bram.zerbe/play-scala/,root))))
Sending msg to client play-fork-run-401890da-935b-4c6c-a234-4d69d516cc5f: TaskFinished(7,435,None,true,None)
Sending msg to client play-fork-run-401890da-935b-4c6c-a234-4d69d516cc5f: TaskFinished(7,437,None,true,None)
Sending msg to client play-fork-run-401890da-935b-4c6c-a234-4d69d516cc5f: TaskStarted(7,436,Some(AttributeKey[java.io.File]("dependencyCacheDirectory") in Scope(Build: file:/C:/Users/bram.zerbe/play-scala/, , Project: ProjectReference(file:/C:/Users/bram.zerbe/play-scala/,root))))
Sending msg to client play-fork-run-401890da-935b-4c6c-a234-4d69d516cc5f: TaskStarted(7,450,Some(AttributeKey[sbt.BuildStructure]("buildStructure") in Scope(Global)))
Sending msg to client play-fork-run-401890da-935b-4c6c-a234-4d69d516cc5f: TaskFinished(7,441,None,true,None)
Sending msg to client play-fork-run-401890da-935b-4c6c-a234-4d69d516cc5f: TaskStarted(7,440,None)
Sending msg to client play-fork-run-401890da-935b-4c6c-a234-4d69d516cc5f: TaskStarted(7,448,None)
Sending msg to client play-fork-run-401890da-935b-4c6c-a234-4d69d516cc5f: TaskStarted(7,452,None)
Sending msg to client play-fork-run-401890da-935b-4c6c-a234-4d69d516cc5f: TaskStarted(7,458,None)
Sending msg to client play-fork-run-401890da-935b-4c6c-a234-4d69d516cc5f: TaskStarted(7,462,None)
Sending msg to client play-fork-run-401890da-935b-4c6c-a234-4d69d516cc5f: TaskStarted(7,467,None)
Sending msg to client play-fork-run-401890da-935b-4c6c-a234-4d69d516cc5f: TaskStarted(7,474,None)
Sending msg to client play-fork-run-401890da-935b-4c6c-a234-4d69d516cc5f: TaskStarted(7,476,None)
Sending msg to client play-fork-run-401890da-935b-4c6c-a234-4d69d516cc5f: TaskFinished(7,445,Some(AttributeKey[scala.collection.Seq[sbt.Resolver]]("externalResolvers") in Scope(Build: file:/C:/Users/bram.zerbe/play-scala/, , Project: ProjectReference(file:/C:/Users/bram.zerbe/play-scala/,root))),true,None)
Sending msg to client play-fork-run-401890da-935b-4c6c-a234-4d69d516cc5f: TaskFinished(7,451,Some(AttributeKey[scala.Option[scala.collection.Seq[sbt.Resolver]]]("bootResolvers") in Scope(Build: file:/C:/Users/bram.zerbe/play-scala/, , Project: ProjectReference(file:/C:/Users/bram.zerbe/play-scala/,root))),true,None)
Sending msg to client play-fork-run-401890da-935b-4c6c-a234-4d69d516cc5f: TaskFinished(7,459,Some(AttributeKey[java.lang.String]("updateCacheName") in Scope(Build: file:/C:/Users/bram.zerbe/play-scala/, , Project: ProjectReference(file:/C:/Users/bram.zerbe/play-scala/,root))),true,None)
Sending msg to client play-fork-run-401890da-935b-4c6c-a234-4d69d516cc5f: TaskFinished(7,461,None,true,None)
Sending msg to client play-fork-run-401890da-935b-4c6c-a234-4d69d516cc5f: TaskFinished(7,472,None,true,None)
Sending msg to client play-fork-run-401890da-935b-4c6c-a234-4d69d516cc5f: TaskFinished(7,477,Some(AttributeKey[scala.collection.Seq[java.lang.String]]("javaOptions") in Scope(Global)),true,None)
Sending msg to client play-fork-run-401890da-935b-4c6c-a234-4d69d516cc5f: TaskFinished(7,434,None,true,None)
Sending msg to client play-fork-run-401890da-935b-4c6c-a234-4d69d516cc5f: TaskStarted(7,433,Some(AttributeKey[scala.collection.Seq[sbt.UpdateReport]]("transitiveUpdate") in Scope(Build: file:/C:/Users/bram.zerbe/play-scala/, , Project: ProjectReference(file:/C:/Users/bram.zerbe/play-scala/,root))))
Sending msg to client play-fork-run-401890da-935b-4c6c-a234-4d69d516cc5f: TaskFinished(7,425,Some(AttributeKey[scala.collection.Seq[scala.Tuple2[java.lang.String,java.io.File]]]("playAllAssets") in Scope(Build: file:/C:/Users/bram.zerbe/play-scala/, , Project: ProjectReference(file:/C:/Users/bram.zerbe/play-scala/,root))),true,None)
Sending msg to client play-fork-run-401890da-935b-4c6c-a234-4d69d516cc5f: TaskFinished(7,436,Some(AttributeKey[java.io.File]("dependencyCacheDirectory") in Scope(Build: file:/C:/Users/bram.zerbe/play-scala/, , Project: ProjectReference(file:/C:/Users/bram.zerbe/play-scala/,root))),true,None)
Sending msg to client play-fork-run-401890da-935b-4c6c-a234-4d69d516cc5f: TaskFinished(7,432,Some(AttributeKey[boolean]("skip") in Scope(Global)),true,None)
Sending msg to client play-fork-run-401890da-935b-4c6c-a234-4d69d516cc5f: TaskFinished(7,450,Some(AttributeKey[sbt.BuildStructure]("buildStructure") in Scope(Global)),true,None)
Sending msg to client play-fork-run-401890da-935b-4c6c-a234-4d69d516cc5f: TaskStarted(7,449,Some(AttributeKey[sbt.Settings[sbt.Scope]]("settingsData") in Scope(Global)))
Sending msg to client play-fork-run-401890da-935b-4c6c-a234-4d69d516cc5f: TaskFinished(7,448,None,true,None)
Sending msg to client play-fork-run-401890da-935b-4c6c-a234-4d69d516cc5f: TaskFinished(7,442,Some(AttributeKey[scala.collection.Seq[sbt.Credentials]]("credentials") in Scope(Global)),true,None)
Sending msg to client play-fork-run-401890da-935b-4c6c-a234-4d69d516cc5f: TaskFinished(7,458,None,true,None)
Sending msg to client play-fork-run-401890da-935b-4c6c-a234-4d69d516cc5f: TaskStarted(7,457,Some(AttributeKey[scala.collection.immutable.Map[sbt.ModuleID,sbt.SourcePosition]]("dependencyPositions") in Scope(Build: file:/C:/Users/bram.zerbe/play-scala/, , Project: ProjectReference(file:/C:/Users/bram.zerbe/play-scala/,root))))
Sending msg to client play-fork-run-401890da-935b-4c6c-a234-4d69d516cc5f: TaskFinished(7,440,None,true,None)
Sending msg to client play-fork-run-401890da-935b-4c6c-a234-4d69d516cc5f: TaskFinished(7,452,None,true,None)
Sending msg to client play-fork-run-401890da-935b-4c6c-a234-4d69d516cc5f: TaskFinished(7,474,None,true,None)
Sending msg to client play-fork-run-401890da-935b-4c6c-a234-4d69d516cc5f: TaskFinished(7,467,None,true,None)
Sending msg to client play-fork-run-401890da-935b-4c6c-a234-4d69d516cc5f: TaskFinished(7,462,None,true,None)
Sending msg to client play-fork-run-401890da-935b-4c6c-a234-4d69d516cc5f: TaskFinished(7,476,None,true,None)
Sending msg to client play-fork-run-401890da-935b-4c6c-a234-4d69d516cc5f: TaskFinished(7,433,Some(AttributeKey[scala.collection.Seq[sbt.UpdateReport]]("transitiveUpdate") in Scope(Build: file:/C:/Users/bram.zerbe/play-scala/, , Project: ProjectReference(file:/C:/Users/bram.zerbe/play-scala/,root))),true,None)
Sending msg to client play-fork-run-401890da-935b-4c6c-a234-4d69d516cc5f: TaskFinished(7,449,Some(AttributeKey[sbt.Settings[sbt.Scope]]("settingsData") in Scope(Global)),true,None)
Sending msg to client play-fork-run-401890da-935b-4c6c-a234-4d69d516cc5f: TaskStarted(7,447,Some(AttributeKey[scala.collection.immutable.Map[org.apache.ivy.core.module.id.ModuleRevisionId,org.apache.ivy.core.module.descriptor.ModuleDescriptor]]("projectDescriptors") in Scope(Build: file:/C:/Users/bram.zerbe/play-scala/, , Project: ProjectReference(file:/C:/Users/bram.zerbe/play-scala/,root))))
Sending msg to client play-fork-run-401890da-935b-4c6c-a234-4d69d516cc5f: TaskStarted(7,455,Some(AttributeKey[scala.collection.Seq[sbt.ModuleID]]("projectDependencies") in Scope(Build: file:/C:/Users/bram.zerbe/play-scala/, , Project: ProjectReference(file:/C:/Users/bram.zerbe/play-scala/,root))))
Sending msg to client play-fork-run-401890da-935b-4c6c-a234-4d69d516cc5f: TaskStarted(7,460,None)
Sending msg to client play-fork-run-401890da-935b-4c6c-a234-4d69d516cc5f: TaskStarted(7,475,None)
Sending msg to client play-fork-run-401890da-935b-4c6c-a234-4d69d516cc5f: TaskFinished(7,455,Some(AttributeKey[scala.collection.Seq[sbt.ModuleID]]("projectDependencies") in Scope(Build: file:/C:/Users/bram.zerbe/play-scala/, , Project: ProjectReference(file:/C:/Users/bram.zerbe/play-scala/,root))),true,None)
Sending msg to client play-fork-run-401890da-935b-4c6c-a234-4d69d516cc5f: TaskStarted(7,454,Some(AttributeKey[scala.collection.Seq[sbt.ModuleID]]("allDependencies") in Scope(Build: file:/C:/Users/bram.zerbe/play-scala/, , Project: ProjectReference(file:/C:/Users/bram.zerbe/play-scala/,root))))
Sending msg to client play-fork-run-401890da-935b-4c6c-a234-4d69d516cc5f: TaskStarted(7,480,None)
Sending msg to client play-fork-run-401890da-935b-4c6c-a234-4d69d516cc5f: TaskStarted(7,482,None)
Sending msg to client play-fork-run-401890da-935b-4c6c-a234-4d69d516cc5f: TaskStarted(7,486,None)
Sending msg to client play-fork-run-401890da-935b-4c6c-a234-4d69d516cc5f: TaskStarted(7,487,None)
Sending msg to client play-fork-run-401890da-935b-4c6c-a234-4d69d516cc5f: TaskStarted(7,490,None)
Sending msg to client play-fork-run-401890da-935b-4c6c-a234-4d69d516cc5f: TaskStarted(7,491,None)
Sending msg to client play-fork-run-401890da-935b-4c6c-a234-4d69d516cc5f: TaskStarted(7,493,None)
Sending msg to client play-fork-run-401890da-935b-4c6c-a234-4d69d516cc5f: TaskFinished(7,480,None,true,None)
Sending msg to client play-fork-run-401890da-935b-4c6c-a234-4d69d516cc5f: TaskFinished(7,460,None,true,None)
Sending msg to client play-fork-run-401890da-935b-4c6c-a234-4d69d516cc5f: TaskFinished(7,454,Some(AttributeKey[scala.collection.Seq[sbt.ModuleID]]("allDependencies") in Scope(Build: file:/C:/Users/bram.zerbe/play-scala/, , Project: ProjectReference(file:/C:/Users/bram.zerbe/play-scala/,root))),true,None)
Sending msg to client play-fork-run-401890da-935b-4c6c-a234-4d69d516cc5f: TaskStarted(7,453,Some(AttributeKey[sbt.ModuleSettings]("moduleSettings") in Scope(Build: file:/C:/Users/bram.zerbe/play-scala/, , Project: ProjectReference(file:/C:/Users/bram.zerbe/play-scala/,root))))
Sending msg to client play-fork-run-401890da-935b-4c6c-a234-4d69d516cc5f: TaskFinished(7,482,None,true,None)
Sending msg to client play-fork-run-401890da-935b-4c6c-a234-4d69d516cc5f: TaskStarted(7,481,None)
Sending msg to client play-fork-run-401890da-935b-4c6c-a234-4d69d516cc5f: TaskFinished(7,486,None,true,None)
Sending msg to client play-fork-run-401890da-935b-4c6c-a234-4d69d516cc5f: TaskFinished(7,490,None,true,None)
Sending msg to client play-fork-run-401890da-935b-4c6c-a234-4d69d516cc5f: TaskFinished(7,487,None,true,None)
Sending msg to client play-fork-run-401890da-935b-4c6c-a234-4d69d516cc5f: TaskStarted(7,485,Some(AttributeKey[scala.collection.Seq[sbt.Attributed[java.io.File]]]("unmanagedJars") in Scope(Build: file:/C:/Users/bram.zerbe/play-scala/, , Project: ProjectReference(file:/C:/Users/bram.zerbe/play-scala/,root), Config: runtime)))
Sending msg to client play-fork-run-401890da-935b-4c6c-a234-4d69d516cc5f: TaskFinished(7,491,None,true,None)
Sending msg to client play-fork-run-401890da-935b-4c6c-a234-4d69d516cc5f: TaskStarted(7,489,Some(AttributeKey[scala.collection.Seq[sbt.Attributed[java.io.File]]]("unmanagedJars") in Scope(Build: file:/C:/Users/bram.zerbe/play-scala/, , Project: ProjectReference(file:/C:/Users/bram.zerbe/play-scala/,root), Config: compile)))
Sending msg to client play-fork-run-401890da-935b-4c6c-a234-4d69d516cc5f: TaskFinished(7,493,None,true,None)
Sending msg to client play-fork-run-401890da-935b-4c6c-a234-4d69d516cc5f: TaskStarted(7,492,None)
Sending msg to client play-fork-run-401890da-935b-4c6c-a234-4d69d516cc5f: TaskFinished(7,453,Some(AttributeKey[sbt.ModuleSettings]("moduleSettings") in Scope(Build: file:/C:/Users/bram.zerbe/play-scala/, , Project: ProjectReference(file:/C:/Users/bram.zerbe/play-scala/,root))),true,None)
Sending msg to client play-fork-run-401890da-935b-4c6c-a234-4d69d516cc5f: TaskFinished(7,481,None,true,None)
Sending msg to client play-fork-run-401890da-935b-4c6c-a234-4d69d516cc5f: TaskFinished(7,447,Some(AttributeKey[scala.collection.immutable.Map[org.apache.ivy.core.module.id.ModuleRevisionId,org.apache.ivy.core.module.descriptor.ModuleDescriptor]]("projectDescriptors") in Scope(Build: file:/C:/Users/bram.zerbe/play-scala/, , Project: ProjectReference(file:/C:/Users/bram.zerbe/play-scala/,root))),true,None)
Sending msg to client play-fork-run-401890da-935b-4c6c-a234-4d69d516cc5f: TaskStarted(7,446,Some(AttributeKey[sbt.Resolver]("projectResolver") in Scope(Build: file:/C:/Users/bram.zerbe/play-scala/, , Project: ProjectReference(file:/C:/Users/bram.zerbe/play-scala/,root))))
Sending msg to client play-fork-run-401890da-935b-4c6c-a234-4d69d516cc5f: TaskFinished(7,485,Some(AttributeKey[scala.collection.Seq[sbt.Attributed[java.io.File]]]("unmanagedJars") in Scope(Build: file:/C:/Users/bram.zerbe/play-scala/, , Project: ProjectReference(file:/C:/Users/bram.zerbe/play-scala/,root), Config: runtime)),true,None)
Sending msg to client play-fork-run-401890da-935b-4c6c-a234-4d69d516cc5f: TaskFinished(7,489,Some(AttributeKey[scala.collection.Seq[sbt.Attributed[java.io.File]]]("unmanagedJars") in Scope(Build: file:/C:/Users/bram.zerbe/play-scala/, , Project: ProjectReference(file:/C:/Users/bram.zerbe/play-scala/,root), Config: compile)),true,None)
Sending msg to client play-fork-run-401890da-935b-4c6c-a234-4d69d516cc5f: TaskStarted(7,494,None)
Sending msg to client play-fork-run-401890da-935b-4c6c-a234-4d69d516cc5f: TaskFinished(7,446,Some(AttributeKey[sbt.Resolver]("projectResolver") in Scope(Build: file:/C:/Users/bram.zerbe/play-scala/, , Project: ProjectReference(file:/C:/Users/bram.zerbe/play-scala/,root))),true,None)
Sending msg to client play-fork-run-401890da-935b-4c6c-a234-4d69d516cc5f: TaskStarted(7,444,Some(AttributeKey[scala.collection.Seq[sbt.Resolver]]("fullResolvers") in Scope(Build: file:/C:/Users/bram.zerbe/play-scala/, , Project: ProjectReference(file:/C:/Users/bram.zerbe/play-scala/,root))))
Sending msg to client play-fork-run-401890da-935b-4c6c-a234-4d69d516cc5f: TaskFinished(7,494,None,true,None)
Sending msg to client play-fork-run-401890da-935b-4c6c-a234-4d69d516cc5f: TaskFinished(7,492,None,true,None)
Sending msg to client play-fork-run-401890da-935b-4c6c-a234-4d69d516cc5f: TaskStarted(7,488,Some(AttributeKey[scala.collection.Seq[sbt.Attributed[java.io.File]]]("unmanagedJars") in Scope(Build: file:/C:/Users/bram.zerbe/play-scala/, , Project: ProjectReference(file:/C:/Users/bram.zerbe/play-scala/,root), Config: compile)))
Sending msg to client play-fork-run-401890da-935b-4c6c-a234-4d69d516cc5f: TaskFinished(7,444,Some(AttributeKey[scala.collection.Seq[sbt.Resolver]]("fullResolvers") in Scope(Build: file:/C:/Users/bram.zerbe/play-scala/, , Project: ProjectReference(file:/C:/Users/bram.zerbe/play-scala/,root))),true,None)
Sending msg to client play-fork-run-401890da-935b-4c6c-a234-4d69d516cc5f: TaskStarted(7,443,Some(AttributeKey[sbt.IvyConfiguration]("ivyConfiguration") in Scope(Build: file:/C:/Users/bram.zerbe/play-scala/, , Project: ProjectReference(file:/C:/Users/bram.zerbe/play-scala/,root))))
Sending msg to client play-fork-run-401890da-935b-4c6c-a234-4d69d516cc5f: TaskFinished(7,488,Some(AttributeKey[scala.collection.Seq[sbt.Attributed[java.io.File]]]("unmanagedJars") in Scope(Build: file:/C:/Users/bram.zerbe/play-scala/, , Project: ProjectReference(file:/C:/Users/bram.zerbe/play-scala/,root), Config: compile)),true,None)
Sending msg to client play-fork-run-401890da-935b-4c6c-a234-4d69d516cc5f: TaskStarted(7,484,None)
Sending msg to client play-fork-run-401890da-935b-4c6c-a234-4d69d516cc5f: TaskFinished(7,484,None,true,None)
Sending msg to client play-fork-run-401890da-935b-4c6c-a234-4d69d516cc5f: TaskStarted(7,483,None)
Sending msg to client play-fork-run-401890da-935b-4c6c-a234-4d69d516cc5f: TaskFinished(7,443,Some(AttributeKey[sbt.IvyConfiguration]("ivyConfiguration") in Scope(Build: file:/C:/Users/bram.zerbe/play-scala/, , Project: ProjectReference(file:/C:/Users/bram.zerbe/play-scala/,root))),true,None)
Sending msg to client play-fork-run-401890da-935b-4c6c-a234-4d69d516cc5f: TaskStarted(7,439,Some(AttributeKey[sbt.IvySbt]("ivySbt") in Scope(Build: file:/C:/Users/bram.zerbe/play-scala/, , Project: ProjectReference(file:/C:/Users/bram.zerbe/play-scala/,root))))
Sending msg to client play-fork-run-401890da-935b-4c6c-a234-4d69d516cc5f: TaskFinished(7,483,None,true,None)
Sending msg to client play-fork-run-401890da-935b-4c6c-a234-4d69d516cc5f: TaskFinished(7,475,None,true,None)
Sending msg to client play-fork-run-401890da-935b-4c6c-a234-4d69d516cc5f: TaskStarted(7,473,Some(AttributeKey[scala.collection.Seq[sbt.Attributed[java.io.File]]]("unmanagedClasspath") in Scope(Build: file:/C:/Users/bram.zerbe/play-scala/, , Project: ProjectReference(file:/C:/Users/bram.zerbe/play-scala/,root), Config: runtime)))
Sending msg to client play-fork-run-401890da-935b-4c6c-a234-4d69d516cc5f: TaskFinished(7,439,Some(AttributeKey[sbt.IvySbt]("ivySbt") in Scope(Build: file:/C:/Users/bram.zerbe/play-scala/, , Project: ProjectReference(file:/C:/Users/bram.zerbe/play-scala/,root))),true,None)
Sending msg to client play-fork-run-401890da-935b-4c6c-a234-4d69d516cc5f: TaskStarted(7,438,Some(AttributeKey[sbt.IvySbt$Module]("ivyModule") in Scope(Build: file:/C:/Users/bram.zerbe/play-scala/, , Project: ProjectReference(file:/C:/Users/bram.zerbe/play-scala/,root))))
Sending msg to client play-fork-run-401890da-935b-4c6c-a234-4d69d516cc5f: TaskFinished(7,438,Some(AttributeKey[sbt.IvySbt$Module]("ivyModule") in Scope(Build: file:/C:/Users/bram.zerbe/play-scala/, , Project: ProjectReference(file:/C:/Users/bram.zerbe/play-scala/,root))),true,None)
Sending msg to client play-fork-run-401890da-935b-4c6c-a234-4d69d516cc5f: TaskFinished(7,479,None,true,None)
Sending msg to client play-fork-run-401890da-935b-4c6c-a234-4d69d516cc5f: TaskStarted(7,478,Some(AttributeKey[scala.collection.Seq[java.io.File]]("playMonitoredFiles") in Scope(Build: file:/C:/Users/bram.zerbe/play-scala/, , Project: ProjectReference(file:/C:/Users/bram.zerbe/play-scala/,root))))
Sending msg to client play-fork-run-401890da-935b-4c6c-a234-4d69d516cc5f: TaskFinished(7,473,Some(AttributeKey[scala.collection.Seq[sbt.Attributed[java.io.File]]]("unmanagedClasspath") in Scope(Build: file:/C:/Users/bram.zerbe/play-scala/, , Project: ProjectReference(file:/C:/Users/bram.zerbe/play-scala/,root), Config: runtime)),true,None)
Sending msg to client play-fork-run-401890da-935b-4c6c-a234-4d69d516cc5f: TaskFinished(7,457,Some(AttributeKey[scala.collection.immutable.Map[sbt.ModuleID,sbt.SourcePosition]]("dependencyPositions") in Scope(Build: file:/C:/Users/bram.zerbe/play-scala/, , Project: ProjectReference(file:/C:/Users/bram.zerbe/play-scala/,root))),true,None)
Sending msg to client play-fork-run-401890da-935b-4c6c-a234-4d69d516cc5f: TaskStarted(7,456,Some(AttributeKey[sbt.UnresolvedWarningConfiguration]("unresolvedWarningConfiguration") in Scope(Build: file:/C:/Users/bram.zerbe/play-scala/, , Project: ProjectReference(file:/C:/Users/bram.zerbe/play-scala/,root), Task: AttributeKey[sbt.UpdateReport]("update"))))
Sending msg to client play-fork-run-401890da-935b-4c6c-a234-4d69d516cc5f: TaskFinished(7,456,Some(AttributeKey[sbt.UnresolvedWarningConfiguration]("unresolvedWarningConfiguration") in Scope(Build: file:/C:/Users/bram.zerbe/play-scala/, , Project: ProjectReference(file:/C:/Users/bram.zerbe/play-scala/,root), Task: AttributeKey[sbt.UpdateReport]("update"))),true,None)
Sending msg to client play-fork-run-401890da-935b-4c6c-a234-4d69d516cc5f: TaskStarted(7,430,Some(AttributeKey[sbt.UpdateReport]("update") in Scope(Build: file:/C:/Users/bram.zerbe/play-scala/, , Project: ProjectReference(file:/C:/Users/bram.zerbe/play-scala/,root))))
Sending msg to client play-fork-run-401890da-935b-4c6c-a234-4d69d516cc5f: TaskStarted(7,495,None)
Sending msg to client play-fork-run-401890da-935b-4c6c-a234-4d69d516cc5f: TaskFinished(7,495,None,true,None)
Sending msg to client play-fork-run-401890da-935b-4c6c-a234-4d69d516cc5f: TaskFinished(7,478,Some(AttributeKey[scala.collection.Seq[java.io.File]]("playMonitoredFiles") in Scope(Build: file:/C:/Users/bram.zerbe/play-scala/, , Project: ProjectReference(file:/C:/Users/bram.zerbe/play-scala/,root))),true,None)
Sending msg to client play-fork-run-401890da-935b-4c6c-a234-4d69d516cc5f: TaskFinished(7,430,Some(AttributeKey[sbt.UpdateReport]("update") in Scope(Build: file:/C:/Users/bram.zerbe/play-scala/, , Project: ProjectReference(file:/C:/Users/bram.zerbe/play-scala/,root))),true,None)
Sending msg to client play-fork-run-401890da-935b-4c6c-a234-4d69d516cc5f: TaskStarted(7,429,Some(AttributeKey[sbt.UpdateReport]("update") in Scope(Build: file:/C:/Users/bram.zerbe/play-scala/, , Project: ProjectReference(file:/C:/Users/bram.zerbe/play-scala/,root))))
Sending msg to client play-fork-run-401890da-935b-4c6c-a234-4d69d516cc5f: TaskFinished(7,429,Some(AttributeKey[sbt.UpdateReport]("update") in Scope(Build: file:/C:/Users/bram.zerbe/play-scala/, , Project: ProjectReference(file:/C:/Users/bram.zerbe/play-scala/,root))),true,None)
Sending msg to client play-fork-run-401890da-935b-4c6c-a234-4d69d516cc5f: TaskStarted(7,428,Some(AttributeKey[scala.collection.Seq[sbt.Attributed[java.io.File]]]("managedClasspath") in Scope(Build: file:/C:/Users/bram.zerbe/play-scala/, , Project: ProjectReference(file:/C:/Users/bram.zerbe/play-scala/,root), Config: docs)))
Sending msg to client play-fork-run-401890da-935b-4c6c-a234-4d69d516cc5f: TaskStarted(7,471,Some(AttributeKey[sbt.Configuration]("classpathConfiguration") in Scope(Build: file:/C:/Users/bram.zerbe/play-scala/, , Project: ProjectReference(file:/C:/Users/bram.zerbe/play-scala/,root), Config: compile)))
Sending msg to client play-fork-run-401890da-935b-4c6c-a234-4d69d516cc5f: TaskFinished(7,471,Some(AttributeKey[sbt.Configuration]("classpathConfiguration") in Scope(Build: file:/C:/Users/bram.zerbe/play-scala/, , Project: ProjectReference(file:/C:/Users/bram.zerbe/play-scala/,root), Config: compile)),true,None)
Sending msg to client play-fork-run-401890da-935b-4c6c-a234-4d69d516cc5f: TaskStarted(7,470,None)
Sending msg to client play-fork-run-401890da-935b-4c6c-a234-4d69d516cc5f: TaskFinished(7,470,None,true,None)
Sending msg to client play-fork-run-401890da-935b-4c6c-a234-4d69d516cc5f: TaskStarted(7,469,Some(AttributeKey[sbt.Configuration]("classpathConfiguration") in Scope(Build: file:/C:/Users/bram.zerbe/play-scala/, , Project: ProjectReference(file:/C:/Users/bram.zerbe/play-scala/,root), Config: runtime)))
Sending msg to client play-fork-run-401890da-935b-4c6c-a234-4d69d516cc5f: TaskFinished(7,469,Some(AttributeKey[sbt.Configuration]("classpathConfiguration") in Scope(Build: file:/C:/Users/bram.zerbe/play-scala/, , Project: ProjectReference(file:/C:/Users/bram.zerbe/play-scala/,root), Config: runtime)),true,None)
Sending msg to client play-fork-run-401890da-935b-4c6c-a234-4d69d516cc5f: TaskStarted(7,468,None)
Sending msg to client play-fork-run-401890da-935b-4c6c-a234-4d69d516cc5f: TaskFinished(7,468,None,true,None)
Sending msg to client play-fork-run-401890da-935b-4c6c-a234-4d69d516cc5f: TaskStarted(7,466,Some(AttributeKey[scala.collection.Seq[sbt.Attributed[java.io.File]]]("managedClasspath") in Scope(Build: file:/C:/Users/bram.zerbe/play-scala/, , Project: ProjectReference(file:/C:/Users/bram.zerbe/play-scala/,root), Config: runtime)))
Sending msg to client play-fork-run-401890da-935b-4c6c-a234-4d69d516cc5f: TaskFinished(7,428,Some(AttributeKey[scala.collection.Seq[sbt.Attributed[java.io.File]]]("managedClasspath") in Scope(Build: file:/C:/Users/bram.zerbe/play-scala/, , Project: ProjectReference(file:/C:/Users/bram.zerbe/play-scala/,root), Config: docs)),true,None)
Sending msg to client play-fork-run-401890da-935b-4c6c-a234-4d69d516cc5f: TaskStarted(7,463,Some(AttributeKey[scala.Option[java.io.File]]("playDocsJar") in Scope(Build: file:/C:/Users/bram.zerbe/play-scala/, , Project: ProjectReference(file:/C:/Users/bram.zerbe/play-scala/,root))))
Sending msg to client play-fork-run-401890da-935b-4c6c-a234-4d69d516cc5f: TaskFinished(7,463,Some(AttributeKey[scala.Option[java.io.File]]("playDocsJar") in Scope(Build: file:/C:/Users/bram.zerbe/play-scala/, , Project: ProjectReference(file:/C:/Users/bram.zerbe/play-scala/,root))),true,None)
Sending msg to client play-fork-run-401890da-935b-4c6c-a234-4d69d516cc5f: TaskFinished(7,466,Some(AttributeKey[scala.collection.Seq[sbt.Attributed[java.io.File]]]("managedClasspath") in Scope(Build: file:/C:/Users/bram.zerbe/play-scala/, , Project: ProjectReference(file:/C:/Users/bram.zerbe/play-scala/,root), Config: runtime)),true,None)
Sending msg to client play-fork-run-401890da-935b-4c6c-a234-4d69d516cc5f: TaskStarted(7,465,None)
Sending msg to client play-fork-run-401890da-935b-4c6c-a234-4d69d516cc5f: TaskFinished(7,465,None,true,None)
Sending msg to client play-fork-run-401890da-935b-4c6c-a234-4d69d516cc5f: TaskStarted(7,464,Some(AttributeKey[scala.collection.Seq[sbt.Attributed[java.io.File]]]("playDependencyClasspath") in Scope(Build: file:/C:/Users/bram.zerbe/play-scala/, , Project: ProjectReference(file:/C:/Users/bram.zerbe/play-scala/,root))))
Sending msg to client play-fork-run-401890da-935b-4c6c-a234-4d69d516cc5f: TaskFinished(7,464,Some(AttributeKey[scala.collection.Seq[sbt.Attributed[java.io.File]]]("playDependencyClasspath") in Scope(Build: file:/C:/Users/bram.zerbe/play-scala/, , Project: ProjectReference(file:/C:/Users/bram.zerbe/play-scala/,root))),true,None)
Sending msg to client play-fork-run-401890da-935b-4c6c-a234-4d69d516cc5f: TaskStarted(7,424,Some(AttributeKey[play.forkrun.protocol.ForkConfig]("playForkConfig") in Scope(Build: file:/C:/Users/bram.zerbe/play-scala/, , Project: ProjectReference(file:/C:/Users/bram.zerbe/play-scala/,root))))
Sending msg to client play-fork-run-401890da-935b-4c6c-a234-4d69d516cc5f: TaskFinished(7,424,Some(AttributeKey[play.forkrun.protocol.ForkConfig]("playForkConfig") in Scope(Build: file:/C:/Users/bram.zerbe/play-scala/, , Project: ProjectReference(file:/C:/Users/bram.zerbe/play-scala/,root))),true,None)
Sending msg to client play-fork-run-401890da-935b-4c6c-a234-4d69d516cc5f: ValueChanged(AttributeKey[play.forkrun.protocol.ForkConfig]("playForkConfig") in Scope(Build: file:/C:/Users/bram.zerbe/play-scala/, , Project: ProjectReference(file:/C:/Users/bram.zerbe/play-scala/,root)),TaskSuccess(BuildValue(LazyValue(ForkConfig(C:\Users\bram.zerbe\play-scala,List(),List(C:\Users\bram.zerbe\.ivy2\cache\org.scala-lang\scala-library\jars\scala-library-2.11.6.jar, C:\Users\bram.zerbe\.ivy2\cache\com.typesafe.play\twirl-api_2.11\jars\twirl-api_2.11-1.1.1.jar, C:\Users\bram.zerbe\.ivy2\cache\org.apache.commons\commons-lang3\jars\commons-lang3-3.4.jar, C:\Users\bram.zerbe\.ivy2\cache\org.scala-lang.modules\scala-xml_2.11\bundles\scala-xml_2.11-1.0.1.jar, C:\Users\bram.zerbe\.ivy2\cache\com.typesafe.play\play-server_2.11\jars\play-server_2.11-2.4.2.jar, C:\Users\bram.zerbe\.ivy2\cache\com.typesafe.play\play_2.11\jars\play_2.11-2.4.2.jar, C:\Users\bram.zerbe\.ivy2\cache\com.typesafe.play\build-link\jars\build-link-2.4.2.jar, C:\Users\bram.zerbe\.ivy2\cache\com.typesafe.play\play-exceptions\jars\play-exceptions-2.4.2.jar, C:\Users\bram.zerbe\.ivy2\cache\org.javassist\javassist\bundles\javassist-3.19.0-GA.jar, C:\Users\bram.zerbe\.ivy2\cache\com.typesafe.play\play-iteratees_2.11\jars\play-iteratees_2.11-2.4.2.jar, C:\Users\bram.zerbe\.ivy2\cache\org.scala-stm\scala-stm_2.11\jars\scala-stm_2.11-0.7.jar, C:\Users\bram.zerbe\.ivy2\cache\com.typesafe\config\bundles\config-1.3.0.jar, C:\Users\bram.zerbe\.ivy2\cache\com.typesafe.play\play-json_2.11\jars\play-json_2.11-2.4.2.jar, C:\Users\bram.zerbe\.ivy2\cache\com.typesafe.play\play-functional_2.11\jars\play-functional_2.11-2.4.2.jar, C:\Users\bram.zerbe\.ivy2\cache\com.typesafe.play\play-datacommons_2.11\jars\play-datacommons_2.11-2.4.2.jar, C:\Users\bram.zerbe\.ivy2\cache\joda-time\joda-time\jars\joda-time-2.8.1.jar, C:\Users\bram.zerbe\.ivy2\cache\org.joda\joda-convert\jars\joda-convert-1.7.jar, C:\Users\bram.zerbe\.ivy2\cache\org.scala-lang\scala-reflect\jars\scala-reflect-2.11.6.jar, C:\Users\bram.zerbe\.ivy2\cache\com.fasterxml.jackson.core\jackson-core\bundles\jackson-core-2.5.4.jar, C:\Users\bram.zerbe\.ivy2\cache\com.fasterxml.jackson.core\jackson-annotations\bundles\jackson-annotations-2.5.4.jar, C:\Users\bram.zerbe\.ivy2\cache\com.fasterxml.jackson.core\jackson-databind\bundles\jackson-databind-2.5.4.jar, C:\Users\bram.zerbe\.ivy2\cache\com.fasterxml.jackson.datatype\jackson-datatype-jdk8\bundles\jackson-datatype-jdk8-2.5.4.jar, C:\Users\bram.zerbe\.ivy2\cache\com.fasterxml.jackson.datatype\jackson-datatype-jsr310\bundles\jackson-datatype-jsr310-2.5.4.jar, C:\Users\bram.zerbe\.ivy2\cache\com.typesafe.play\play-netty-utils\jars\play-netty-utils-2.4.2.jar, C:\Users\bram.zerbe\.ivy2\cache\org.slf4j\slf4j-api\jars\slf4j-api-1.7.12.jar, C:\Users\bram.zerbe\.ivy2\cache\org.slf4j\jul-to-slf4j\jars\jul-to-slf4j-1.7.12.jar, C:\Users\bram.zerbe\.ivy2\cache\org.slf4j\jcl-over-slf4j\jars\jcl-over-slf4j-1.7.12.jar, C:\Users\bram.zerbe\.ivy2\cache\org.scala-lang.modules\scala-parser-combinators_2.11\bundles\scala-parser-combinators_2.11-1.0.1.jar, C:\Users\bram.zerbe\.ivy2\cache\ch.qos.logback\logback-core\jars\logback-core-1.1.3.jar, C:\Users\bram.zerbe\.ivy2\cache\ch.qos.logback\logback-classic\jars\logback-classic-1.1.3.jar, C:\Users\bram.zerbe\.ivy2\cache\com.typesafe.akka\akka-actor_2.11\jars\akka-actor_2.11-2.3.11.jar, C:\Users\bram.zerbe\.ivy2\cache\com.typesafe.akka\akka-slf4j_2.11\jars\akka-slf4j_2.11-2.3.11.jar, C:\Users\bram.zerbe\.ivy2\cache\commons-codec\commons-codec\jars\commons-codec-1.10.jar, C:\Users\bram.zerbe\.ivy2\cache\xerces\xercesImpl\jars\xercesImpl-2.11.0.jar, C:\Users\bram.zerbe\.ivy2\cache\xml-apis\xml-apis\jars\xml-apis-1.4.01.jar, C:\Users\bram.zerbe\.ivy2\cache\javax.transaction\jta\jars\jta-1.1.jar, C:\Users\bram.zerbe\.ivy2\cache\com.google.inject\guice\jars\guice-4.0.jar, C:\Users\bram.zerbe\.ivy2\cache\javax.inject\javax.inject\jars\javax.inject-1.jar, C:\Users\bram.zerbe\.ivy2\cache\aopalliance\aopalliance\jars\aopalliance-1.0.jar, C:\Users\bram.zerbe\.ivy2\cache\com.google.inject.extensions\guice-assistedinject\jars\guice-assistedinject-4.0.jar, C:\Users\bram.zerbe\.ivy2\cache\com.typesafe.play\play-netty-server_2.11\jars\play-netty-server_2.11-2.4.2.jar, C:\Users\bram.zerbe\.ivy2\cache\io.netty\netty\bundles\netty-3.10.3.Final.jar, C:\Users\bram.zerbe\.ivy2\cache\com.typesafe.netty\netty-http-pipelining\jars\netty-http-pipelining-1.1.4.jar, C:\Users\bram.zerbe\.ivy2\cache\com.typesafe.play\play-jdbc_2.11\jars\play-jdbc_2.11-2.4.2.jar, C:\Users\bram.zerbe\.ivy2\cache\com.typesafe.play\play-jdbc-api_2.11\jars\play-jdbc-api_2.11-2.4.2.jar, C:\Users\bram.zerbe\.ivy2\cache\com.jolbox\bonecp\bundles\bonecp-0.8.0.RELEASE.jar, C:\Users\bram.zerbe\.ivy2\cache\com.zaxxer\HikariCP\bundles\HikariCP-2.3.7.jar, C:\Users\bram.zerbe\.ivy2\cache\com.h2database\h2\jars\h2-1.4.187.jar, C:\Users\bram.zerbe\.ivy2\cache\tyrex\tyrex\jars\tyrex-1.0.1.jar, C:\Users\bram.zerbe\.ivy2\cache\com.typesafe.play\play-cache_2.11\jars\play-cache_2.11-2.4.2.jar, C:\Users\bram.zerbe\.ivy2\cache\net.sf.ehcache\ehcache-core\jars\ehcache-core-2.6.11.jar, C:\Users\bram.zerbe\.ivy2\cache\com.typesafe.play\play-ws_2.11\jars\play-ws_2.11-2.4.2.jar, C:\Users\bram.zerbe\.ivy2\cache\com.google.guava\guava\bundles\guava-18.0.jar, C:\Users\bram.zerbe\.ivy2\cache\com.ning\async-http-client\jars\async-http-client-1.9.21.jar, C:\Users\bram.zerbe\.ivy2\cache\oauth.signpost\signpost-core\jars\signpost-core-1.2.1.2.jar, C:\Users\bram.zerbe\.ivy2\cache\oauth.signpost\signpost-commonshttp4\jars\signpost-commonshttp4-1.2.1.2.jar, C:\Users\bram.zerbe\.ivy2\cache\org.apache.httpcomponents\httpcore\jars\httpcore-4.0.1.jar, C:\Users\bram.zerbe\.ivy2\cache\org.apache.httpcomponents\httpclient\jars\httpclient-4.0.1.jar, C:\Users\bram.zerbe\.ivy2\cache\commons-logging\commons-logging\jars\commons-logging-1.1.1.jar),List((public/,C:\Users\bram.zerbe\play-scala\target\web\public\main)),List(C:\Users\bram.zerbe\.ivy2\cache\com.typesafe.play\play-omnidoc_2.11\jars\play-omnidoc_2.11-2.4.2.jar, C:\Users\bram.zerbe\.ivy2\cache\org.scala-lang\scala-library\jars\scala-library-2.11.6.jar, C:\Users\bram.zerbe\.ivy2\cache\com.typesafe.play\play-docs_2.11\jars\play-docs_2.11-2.4.2.jar, C:\Users\bram.zerbe\.ivy2\cache\com.typesafe.play\play-netty-server_2.11\jars\play-netty-server_2.11-2.4.2.jar, C:\Users\bram.zerbe\.ivy2\cache\com.typesafe.play\play-server_2.11\jars\play-server_2.11-2.4.2.jar, C:\Users\bram.zerbe\.ivy2\cache\com.typesafe.play\play_2.11\jars\play_2.11-2.4.2.jar, C:\Users\bram.zerbe\.ivy2\cache\com.typesafe.play\build-link\jars\build-link-2.4.2.jar, C:\Users\bram.zerbe\.ivy2\cache\com.typesafe.play\play-exceptions\jars\play-exceptions-2.4.2.jar, C:\Users\bram.zerbe\.ivy2\cache\org.javassist\javassist\bundles\javassist-3.19.0-GA.jar, C:\Users\bram.zerbe\.ivy2\cache\com.typesafe.play\play-iteratees_2.11\jars\play-iteratees_2.11-2.4.2.jar, C:\Users\bram.zerbe\.ivy2\cache\org.scala-stm\scala-stm_2.11\jars\scala-stm_2.11-0.7.jar, C:\Users\bram.zerbe\.ivy2\cache\com.typesafe\config\bundles\config-1.3.0.jar, C:\Users\bram.zerbe\.ivy2\cache\com.typesafe.play\play-json_2.11\jars\play-json_2.11-2.4.2.jar, C:\Users\bram.zerbe\.ivy2\cache\com.typesafe.play\play-functional_2.11\jars\play-functional_2.11-2.4.2.jar, C:\Users\bram.zerbe\.ivy2\cache\com.typesafe.play\play-datacommons_2.11\jars\play-datacommons_2.11-2.4.2.jar, C:\Users\bram.zerbe\.ivy2\cache\joda-time\joda-time\jars\joda-time-2.8.1.jar, C:\Users\bram.zerbe\.ivy2\cache\org.joda\joda-convert\jars\joda-convert-1.7.jar, C:\Users\bram.zerbe\.ivy2\cache\org.scala-lang\scala-reflect\jars\scala-reflect-2.11.6.jar, C:\Users\bram.zerbe\.ivy2\cache\com.fasterxml.jackson.core\jackson-core\bundles\jackson-core-2.5.4.jar, C:\Users\bram.zerbe\.ivy2\cache\com.fasterxml.jackson.core\jackson-annotations\bundles\jackson-annotations-2.5.4.jar, C:\Users\bram.zerbe\.ivy2\cache\com.fasterxml.jackson.core\jackson-databind\bundles\jackson-databind-2.5.4.jar, C:\Users\bram.zerbe\.ivy2\cache\com.fasterxml.jackson.datatype\jackson-datatype-jdk8\bundles\jackson-datatype-jdk8-2.5.4.jar, C:\Users\bram.zerbe\.ivy2\cache\com.fasterxml.jackson.datatype\jackson-datatype-jsr310\bundles\jackson-datatype-jsr310-2.5.4.jar, C:\Users\bram.zerbe\.ivy2\cache\com.typesafe.play\play-netty-utils\jars\play-netty-utils-2.4.2.jar, C:\Users\bram.zerbe\.ivy2\cache\org.slf4j\slf4j-api\jars\slf4j-api-1.7.12.jar, C:\Users\bram.zerbe\.ivy2\cache\org.slf4j\jul-to-slf4j\jars\jul-to-slf4j-1.7.12.jar, C:\Users\bram.zerbe\.ivy2\cache\org.slf4j\jcl-over-slf4j\jars\jcl-over-slf4j-1.7.12.jar, C:\Users\bram.zerbe\.ivy2\cache\com.typesafe.play\twirl-api_2.11\jars\twirl-api_2.11-1.1.1.jar, C:\Users\bram.zerbe\.ivy2\cache\org.apache.commons\commons-lang3\jars\commons-lang3-3.4.jar, C:\Users\bram.zerbe\.ivy2\cache\org.scala-lang.modules\scala-xml_2.11\bundles\scala-xml_2.11-1.0.1.jar, C:\Users\bram.zerbe\.ivy2\cache\org.scala-lang.modules\scala-parser-combinators_2.11\bundles\scala-parser-combinators_2.11-1.0.1.jar, C:\Users\bram.zerbe\.ivy2\cache\ch.qos.logback\logback-core\jars\logback-core-1.1.3.jar, C:\Users\bram.zerbe\.ivy2\cache\ch.qos.logback\logback-classic\jars\logback-classic-1.1.3.jar, C:\Users\bram.zerbe\.ivy2\cache\com.typesafe.akka\akka-actor_2.11\jars\akka-actor_2.11-2.3.11.jar, C:\Users\bram.zerbe\.ivy2\cache\com.typesafe.akka\akka-slf4j_2.11\jars\akka-slf4j_2.11-2.3.11.jar, C:\Users\bram.zerbe\.ivy2\cache\commons-codec\commons-codec\jars\commons-codec-1.10.jar, C:\Users\bram.zerbe\.ivy2\cache\xerces\xercesImpl\jars\xercesImpl-2.11.0.jar, C:\Users\bram.zerbe\.ivy2\cache\xml-apis\xml-apis\jars\xml-apis-1.4.01.jar, C:\Users\bram.zerbe\.ivy2\cache\javax.transaction\jta\jars\jta-1.1.jar, C:\Users\bram.zerbe\.ivy2\cache\com.google.inject\guice\jars\guice-4.0.jar, C:\Users\bram.zerbe\.ivy2\cache\javax.inject\javax.inject\jars\javax.inject-1.jar, C:\Users\bram.zerbe\.ivy2\cache\aopalliance\aopalliance\jars\aopalliance-1.0.jar, C:\Users\bram.zerbe\.ivy2\cache\com.google.guava\guava\bundles\guava-16.0.1.jar, C:\Users\bram.zerbe\.ivy2\cache\com.google.inject.extensions\guice-assistedinject\jars\guice-assistedinject-4.0.jar, C:\Users\bram.zerbe\.ivy2\cache\io.netty\netty\bundles\netty-3.10.3.Final.jar, C:\Users\bram.zerbe\.ivy2\cache\com.typesafe.netty\netty-http-pipelining\jars\netty-http-pipelining-1.1.4.jar, C:\Users\bram.zerbe\.ivy2\cache\com.typesafe.play\play-doc_2.11\jars\play-doc_2.11-1.2.2.jar, C:\Users\bram.zerbe\.ivy2\cache\org.pegdown\pegdown\jars\pegdown-1.4.0.jar, C:\Users\bram.zerbe\.ivy2\cache\org.parboiled\parboiled-java\bundles\parboiled-java-1.1.5.jar, C:\Users\bram.zerbe\.ivy2\cache\org.parboiled\parboiled-core\bundles\parboiled-core-1.1.5.jar, C:\Users\bram.zerbe\.ivy2\cache\org.ow2.asm\asm\jars\asm-4.1.jar, C:\Users\bram.zerbe\.ivy2\cache\org.ow2.asm\asm-tree\jars\asm-tree-4.1.jar, C:\Users\bram.zerbe\.ivy2\cache\org.ow2.asm\asm-analysis\jars\asm-analysis-4.1.jar, C:\Users\bram.zerbe\.ivy2\cache\org.ow2.asm\asm-util\jars\asm-util-4.1.jar, C:\Users\bram.zerbe\.ivy2\cache\commons-io\commons-io\jars\commons-io-2.4.jar),Some(C:\Users\bram.zerbe\.ivy2\cache\com.typesafe.play\play-omnidoc_2.11\jars\play-omnidoc_2.11-2.4.2.jar),List(),9000,0.0.0.0,DefaultWatchService,List(C:\Users\bram.zerbe\play-scala\public, C:\Users\bram.zerbe\play-scala\conf, C:\Users\bram.zerbe\play-scala\app-2.11, C:\Users\bram.zerbe\play-scala\app),C:\Users\bram.zerbe\play-scala\target,500,root/playForkNotifyStart,root/playForkReload,300000,play.core.server.DevServerStart),scala.pickling.PicklerUnpickler$DelegatingPicklerUnpickler@16f7c4e6),ForkConfig(C:\Users\bram.zerbe\play-scala,List(),List(C:\Users\bram.zerbe\.ivy2\cache\org.scala-lang\scala-library\jars\scala-library-2.11.6.jar, C:\Users\bram.zerbe\.ivy2\cache\com.typesafe.play\twirl-api_2.11\jars\twirl-api_2.11-1.1.1.jar, C:\Users\bram.zerbe\.ivy2\cache\org.apache.commons\commons-lang3\jars\commons-lang3-3.4.jar, C:\Users\bram.zerbe\.ivy2\cache\org.scala-lang.modules\scala-xml_2.11\bundles\scala-xml_2.11-1.0.1.jar, C:\Users\bram.zerbe\.ivy2\cache\com.typesafe.play\play-server_2.11\jars\play-server_2.11-2.4.2.jar, C:\Users\bram.zerbe\.ivy2\cache\com.typesafe.play\play_2.11\jars\play_2.11-2.4.2.jar, C:\Users\bram.zerbe\.ivy2\cache\com.typesafe.play\build-link\jars\build-link-2.4.2.jar, C:\Users\bram.zerbe\.ivy2\cache\com.typesafe.play\play-exceptions\jars\play-exceptions-2.4.2.jar, C:\Users\bram.zerbe\.ivy2\cache\org.javassist\javassist\bundles\javassist-3.19.0-GA.jar, C:\Users\bram.zerbe\.ivy2\cache\com.typesafe.play\play-iteratees_2.11\jars\play-iteratees_2.11-2.4.2.jar, C:\Users\bram.zerbe\.ivy2\cache\org.scala-stm\scala-stm_2.11\jars\scala-stm_2.11-0.7.jar, C:\Users\bram.zerbe\.ivy2\cache\com.typesafe\config\bundles\config-1.3.0.jar, C:\Users\bram.zerbe\.ivy2\cache\com.typesafe.play\play-json_2.11\jars\play-json_2.11-2.4.2.jar, C:\Users\bram.zerbe\.ivy2\cache\com.typesafe.play\play-functional_2.11\jars\play-functional_2.11-2.4.2.jar, C:\Users\bram.zerbe\.ivy2\cache\com.typesafe.play\play-datacommons_2.11\jars\play-datacommons_2.11-2.4.2.jar, C:\Users\bram.zerbe\.ivy2\cache\joda-time\joda-time\jars\joda-time-2.8.1.jar, C:\Users\bram.zerbe\.ivy2\cache\org.joda\joda-convert\jars\joda-convert-1.7.jar, C:\Users\bram.zerbe\.ivy2\cache\org.scala-lang\scala-reflect\jars\scala-reflect-2.11.6.jar, C:\Users\bram.zerbe\.ivy2\cache\com.fasterxml.jackson.core\jackson-core\bundles\jackson-core-2.5.4.jar, C:\Users\bram.zerbe\.ivy2\cache\com.fasterxml.jackson.core\jackson-annotations\bundles\jackson-annotations-2.5.4.jar, C:\Users\bram.zerbe\.ivy2\cache\com.fasterxml.jackson.core\jackson-databind\bundles\jackson-databind-2.5.4.jar, C:\Users\bram.zerbe\.ivy2\cache\com.fasterxml.jackson.datatype\jackson-datatype-jdk8\bundles\jackson-datatype-jdk8-2.5.4.jar, C:\Users\bram.zerbe\.ivy2\cache\com.fasterxml.jackson.datatype\jackson-datatype-jsr310\bundles\jackson-datatype-jsr310-2.5.4.jar, C:\Users\bram.zerbe\.ivy2\cache\com.typesafe.play\play-netty-utils\jars\play-netty-utils-2.4.2.jar, C:\Users\bram.zerbe\.ivy2\cache\org.slf4j\slf4j-api\jars\slf4j-api-1.7.12.jar, C:\Users\bram.zerbe\.ivy2\cache\org.slf4j\jul-to-slf4j\jars\jul-to-slf4j-1.7.12.jar, C:\Users\bram.zerbe\.ivy2\cache\org.slf4j\jcl-over-slf4j\jars\jcl-over-slf4j-1.7.12.jar, C:\Users\bram.zerbe\.ivy2\cache\org.scala-lang.modules\scala-parser-combinators_2.11\bundles\scala-parser-combinators_2.11-1.0.1.jar, C:\Users\bram.zerbe\.ivy2\cache\ch.qos.logback\logback-core\jars\logback-core-1.1.3.jar, C:\Users\bram.zerbe\.ivy2\cache\ch.qos.logback\logback-classic\jars\logback-classic-1.1.3.jar, C:\Users\bram.zerbe\.ivy2\cache\com.typesafe.akka\akka-actor_2.11\jars\akka-actor_2.11-2.3.11.jar, C:\Users\bram.zerbe\.ivy2\cache\com.typesafe.akka\akka-slf4j_2.11\jars\akka-slf4j_2.11-2.3.11.jar, C:\Users\bram.zerbe\.ivy2\cache\commons-codec\commons-codec\jars\commons-codec-1.10.jar, C:\Users\bram.zerbe\.ivy2\cache\xerces\xercesImpl\jars\xercesImpl-2.11.0.jar, C:\Users\bram.zerbe\.ivy2\cache\xml-apis\xml-apis\jars\xml-apis-1.4.01.jar, C:\Users\bram.zerbe\.ivy2\cache\javax.transaction\jta\jars\jta-1.1.jar, C:\Users\bram.zerbe\.ivy2\cache\com.google.inject\guice\jars\guice-4.0.jar, C:\Users\bram.zerbe\.ivy2\cache\javax.inject\javax.inject\jars\javax.inject-1.jar, C:\Users\bram.zerbe\.ivy2\cache\aopalliance\aopalliance\jars\aopalliance-1.0.jar, C:\Users\bram.zerbe\.ivy2\cache\com.google.inject.extensions\guice-assistedinject\jars\guice-assistedinject-4.0.jar, C:\Users\bram.zerbe\.ivy2\cache\com.typesafe.play\play-netty-server_2.11\jars\play-netty-server_2.11-2.4.2.jar, C:\Users\bram.zerbe\.ivy2\cache\io.netty\netty\bundles\netty-3.10.3.Final.jar, C:\Users\bram.zerbe\.ivy2\cache\com.typesafe.netty\netty-http-pipelining\jars\netty-http-pipelining-1.1.4.jar, C:\Users\bram.zerbe\.ivy2\cache\com.typesafe.play\play-jdbc_2.11\jars\play-jdbc_2.11-2.4.2.jar, C:\Users\bram.zerbe\.ivy2\cache\com.typesafe.play\play-jdbc-api_2.11\jars\play-jdbc-api_2.11-2.4.2.jar, C:\Users\bram.zerbe\.ivy2\cache\com.jolbox\bonecp\bundles\bonecp-0.8.0.RELEASE.jar, C:\Users\bram.zerbe\.ivy2\cache\com.zaxxer\HikariCP\bundles\HikariCP-2.3.7.jar, C:\Users\bram.zerbe\.ivy2\cache\com.h2database\h2\jars\h2-1.4.187.jar, C:\Users\bram.zerbe\.ivy2\cache\tyrex\tyrex\jars\tyrex-1.0.1.jar, C:\Users\bram.zerbe\.ivy2\cache\com.typesafe.play\play-cache_2.11\jars\play-cache_2.11-2.4.2.jar, C:\Users\bram.zerbe\.ivy2\cache\net.sf.ehcache\ehcache-core\jars\ehcache-core-2.6.11.jar, C:\Users\bram.zerbe\.ivy2\cache\com.typesafe.play\play-ws_2.11\jars\play-ws_2.11-2.4.2.jar, C:\Users\bram.zerbe\.ivy2\cache\com.google.guava\guava\bundles\guava-18.0.jar, C:\Users\bram.zerbe\.ivy2\cache\com.ning\async-http-client\jars\async-http-client-1.9.21.jar, C:\Users\bram.zerbe\.ivy2\cache\oauth.signpost\signpost-core\jars\signpost-core-1.2.1.2.jar, C:\Users\bram.zerbe\.ivy2\cache\oauth.signpost\signpost-commonshttp4\jars\signpost-commonshttp4-1.2.1.2.jar, C:\Users\bram.zerbe\.ivy2\cache\org.apache.httpcomponents\httpcore\jars\httpcore-4.0.1.jar, C:\Users\bram.zerbe\.ivy2\cache\org.apache.httpcomponents\httpclient\jars\httpclient-4.0.1.jar, C:\Users\bram.zerbe\.ivy2\cache\commons-logging\commons-logging\jars\commons-logging-1.1.1.jar),List((public/,C:\Users\bram.zerbe\play-scala\target\web\public\main)),List(C:\Users\bram.zerbe\.ivy2\cache\com.typesafe.play\play-omnidoc_2.11\jars\play-omnidoc_2.11-2.4.2.jar, C:\Users\bram.zerbe\.ivy2\cache\org.scala-lang\scala-library\jars\scala-library-2.11.6.jar, C:\Users\bram.zerbe\.ivy2\cache\com.typesafe.play\play-docs_2.11\jars\play-docs_2.11-2.4.2.jar, C:\Users\bram.zerbe\.ivy2\cache\com.typesafe.play\play-netty-server_2.11\jars\play-netty-server_2.11-2.4.2.jar, C:\Users\bram.zerbe\.ivy2\cache\com.typesafe.play\play-server_2.11\jars\play-server_2.11-2.4.2.jar, C:\Users\bram.zerbe\.ivy2\cache\com.typesafe.play\play_2.11\jars\play_2.11-2.4.2.jar, C:\Users\bram.zerbe\.ivy2\cache\com.typesafe.play\build-link\jars\build-link-2.4.2.jar, C:\Users\bram.zerbe\.ivy2\cache\com.typesafe.play\play-exceptions\jars\play-exceptions-2.4.2.jar, C:\Users\bram.zerbe\.ivy2\cache\org.javassist\javassist\bundles\javassist-3.19.0-GA.jar, C:\Users\bram.zerbe\.ivy2\cache\com.typesafe.play\play-iteratees_2.11\jars\play-iteratees_2.11-2.4.2.jar, C:\Users\bram.zerbe\.ivy2\cache\org.scala-stm\scala-stm_2.11\jars\scala-stm_2.11-0.7.jar, C:\Users\bram.zerbe\.ivy2\cache\com.typesafe\config\bundles\config-1.3.0.jar, C:\Users\bram.zerbe\.ivy2\cache\com.typesafe.play\play-json_2.11\jars\play-json_2.11-2.4.2.jar, C:\Users\bram.zerbe\.ivy2\cache\com.typesafe.play\play-functional_2.11\jars\play-functional_2.11-2.4.2.jar, C:\Users\bram.zerbe\.ivy2\cache\com.typesafe.play\play-datacommons_2.11\jars\play-datacommons_2.11-2.4.2.jar, C:\Users\bram.zerbe\.ivy2\cache\joda-time\joda-time\jars\joda-time-2.8.1.jar, C:\Users\bram.zerbe\.ivy2\cache\org.joda\joda-convert\jars\joda-convert-1.7.jar, C:\Users\bram.zerbe\.ivy2\cache\org.scala-lang\scala-reflect\jars\scala-reflect-2.11.6.jar, C:\Users\bram.zerbe\.ivy2\cache\com.fasterxml.jackson.core\jackson-core\bundles\jackson-core-2.5.4.jar, C:\Users\bram.zerbe\.ivy2\cache\com.fasterxml.jackson.core\jackson-annotations\bundles\jackson-annotations-2.5.4.jar, C:\Users\bram.zerbe\.ivy2\cache\com.fasterxml.jackson.core\jackson-databind\bundles\jackson-databind-2.5.4.jar, C:\Users\bram.zerbe\.ivy2\cache\com.fasterxml.jackson.datatype\jackson-datatype-jdk8\bundles\jackson-datatype-jdk8-2.5.4.jar, C:\Users\bram.zerbe\.ivy2\cache\com.fasterxml.jackson.datatype\jackson-datatype-jsr310\bundles\jackson-datatype-jsr310-2.5.4.jar, C:\Users\bram.zerbe\.ivy2\cache\com.typesafe.play\play-netty-utils\jars\play-netty-utils-2.4.2.jar, C:\Users\bram.zerbe\.ivy2\cache\org.slf4j\slf4j-api\jars\slf4j-api-1.7.12.jar, C:\Users\bram.zerbe\.ivy2\cache\org.slf4j\jul-to-slf4j\jars\jul-to-slf4j-1.7.12.jar, C:\Users\bram.zerbe\.ivy2\cache\org.slf4j\jcl-over-slf4j\jars\jcl-over-slf4j-1.7.12.jar, C:\Users\bram.zerbe\.ivy2\cache\com.typesafe.play\twirl-api_2.11\jars\twirl-api_2.11-1.1.1.jar, C:\Users\bram.zerbe\.ivy2\cache\org.apache.commons\commons-lang3\jars\commons-lang3-3.4.jar, C:\Users\bram.zerbe\.ivy2\cache\org.scala-lang.modules\scala-xml_2.11\bundles\scala-xml_2.11-1.0.1.jar, C:\Users\bram.zerbe\.ivy2\cache\org.scala-lang.modules\scala-parser-combinators_2.11\bundles\scala-parser-combinators_2.11-1.0.1.jar, C:\Users\bram.zerbe\.ivy2\cache\ch.qos.logback\logback-core\jars\logback-core-1.1.3.jar, C:\Users\bram.zerbe\.ivy2\cache\ch.qos.logback\logback-classic\jars\logback-classic-1.1.3.jar, C:\Users\bram.zerbe\.ivy2\cache\com.typesafe.akka\akka-actor_2.11\jars\akka-actor_2.11-2.3.11.jar, C:\Users\bram.zerbe\.ivy2\cache\com.typesafe.akka\akka-slf4j_2.11\jars\akka-slf4j_2.11-2.3.11.jar, C:\Users\bram.zerbe\.ivy2\cache\commons-codec\commons-codec\jars\commons-codec-1.10.jar, C:\Users\bram.zerbe\.ivy2\cache\xerces\xercesImpl\jars\xercesImpl-2.11.0.jar, C:\Users\bram.zerbe\.ivy2\cache\xml-apis\xml-apis\jars\xml-apis-1.4.01.jar, C:\Users\bram.zerbe\.ivy2\cache\javax.transaction\jta\jars\jta-1.1.jar, C:\Users\bram.zerbe\.ivy2\cache\com.google.inject\guice\jars\guice-4.0.jar, C:\Users\bram.zerbe\.ivy2\cache\javax.inject\javax.inject\jars\javax.inject-1.jar, C:\Users\bram.zerbe\.ivy2\cache\aopalliance\aopalliance\jars\aopalliance-1.0.jar, C:\Users\bram.zerbe\.ivy2\cache\com.google.guava\guava\bundles\guava-16.0.1.jar, C:\Users\bram.zerbe\.ivy2\cache\com.google.inject.extensions\guice-assistedinject\jars\guice-assistedinject-4.0.jar, C:\Users\bram.zerbe\.ivy2\cache\io.netty\netty\bundles\netty-3.10.3.Final.jar, C:\Users\bram.zerbe\.ivy2\cache\com.typesafe.netty\netty-http-pipelining\jars\netty-http-pipelining-1.1.4.jar, C:\Users\bram.zerbe\.ivy2\cache\com.typesafe.play\play-doc_2.11\jars\play-doc_2.11-1.2.2.jar, C:\Users\bram.zerbe\.ivy2\cache\org.pegdown\pegdown\jars\pegdown-1.4.0.jar, C:\Users\bram.zerbe\.ivy2\cache\org.parboiled\parboiled-java\bundles\parboiled-java-1.1.5.jar, C:\Users\bram.zerbe\.ivy2\cache\org.parboiled\parboiled-core\bundles\parboiled-core-1.1.5.jar, C:\Users\bram.zerbe\.ivy2\cache\org.ow2.asm\asm\jars\asm-4.1.jar, C:\Users\bram.zerbe\.ivy2\cache\org.ow2.asm\asm-tree\jars\asm-tree-4.1.jar, C:\Users\bram.zerbe\.ivy2\cache\org.ow2.asm\asm-analysis\jars\asm-analysis-4.1.jar, C:\Users\bram.zerbe\.ivy2\cache\org.ow2.asm\asm-util\jars\asm-util-4.1.jar, C:\Users\bram.zerbe\.ivy2\cache\commons-io\commons-io\jars\commons-io-2.4.jar),Some(C:\Users\bram.zerbe\.ivy2\cache\com.typesafe.play\play-omnidoc_2.11\jars\play-omnidoc_2.11-2.4.2.jar),List(),9000,0.0.0.0,DefaultWatchService,List(C:\Users\bram.zerbe\play-scala\public, C:\Users\bram.zerbe\play-scala\conf, C:\Users\bram.zerbe\play-scala\app-2.11, C:\Users\bram.zerbe\play-scala\app),C:\Users\bram.zerbe\play-scala\target,500,root/playForkNotifyStart,root/playForkReload,300000,play.core.server.DevServerStart))))
Sending msg to client play-fork-run-401890da-935b-4c6c-a234-4d69d516cc5f: TaskStarted(7,423,None)
Sending msg to client play-fork-run-401890da-935b-4c6c-a234-4d69d516cc5f: TaskFinished(7,423,None,true,None)
Sending msg to client play-fork-run-401890da-935b-4c6c-a234-4d69d516cc5f: TaskStarted(7,422,None)
Sending msg to client play-fork-run-401890da-935b-4c6c-a234-4d69d516cc5f: TaskFinished(7,422,None,true,None)
Sending msg to client play-fork-run-401890da-935b-4c6c-a234-4d69d516cc5f: DetachedLogEvent(LogMessage(debug,cancel strategy finish enabled=false lastCommand=Some(LastCommand(CommandExecutionWork(ExecutionId(7),{file:/C:/Users/bram.zerbe/play-scala/}root/*:playForkConfig,Set(LiveClient(play-fork-run 401890da-935b-4c6c-a234-4d69d516cc5f)),sbt.server.WorkCancellationStatus$$anon$1@72e2c75f)))))
Sending msg to client play-fork-run-401890da-935b-4c6c-a234-4d69d516cc5f: DetachedLogEvent(LogSuccess(Total time: 4 s, completed Aug 11, 2015 11:44:13 AM))
Sending msg to client play-fork-run-401890da-935b-4c6c-a234-4d69d516cc5f: DetachedLogEvent(LogMessage(debug,> server-post-command-cleanup))
Sending msg to client play-fork-run-401890da-935b-4c6c-a234-4d69d516cc5f: ExecutionSuccess(7)
Sending msg to client play-fork-run-401890da-935b-4c6c-a234-4d69d516cc5f: DetachedLogEvent(LogMessage(debug,> server-handle-next-server-request))
Sending msg to client play-fork-run-401890da-935b-4c6c-a234-4d69d516cc5f: BackgroundJobLogEvent(1,LogMessage(info,))
Sending msg to client play-fork-run-401890da-935b-4c6c-a234-4d69d516cc5f: BackgroundJobLogEvent(1,LogMessage(info,--- (Running the application, auto-reloading is enabled) ---))
Sending msg to client play-fork-run-401890da-935b-4c6c-a234-4d69d516cc5f: BackgroundJobLogEvent(1,LogMessage(info,))
Sending msg to client play-fork-run-401890da-935b-4c6c-a234-4d69d516cc5f: BackgroundJobLogEvent(1,LogMessage(info,p.a.l.c.ActorSystemProvider - Starting application default Akka system: application))
Sending msg to client play-fork-run-401890da-935b-4c6c-a234-4d69d516cc5f: BackgroundJobLogEvent(1,LogMessage(info,p.c.s.NettyServer - Listening for HTTP on /0:0:0:0:0:0:0:0:9000))
Sending msg to client play-fork-run-401890da-935b-4c6c-a234-4d69d516cc5f: BackgroundJobLogEvent(1,LogMessage(info,))
Sending msg to client play-fork-run-401890da-935b-4c6c-a234-4d69d516cc5f: BackgroundJobLogEvent(1,LogMessage(info,(Server started, use Ctrl+D to stop and go back to the console...)))
Sending msg to client play-fork-run-401890da-935b-4c6c-a234-4d69d516cc5f: BackgroundJobLogEvent(1,LogMessage(info,))
Got request: ExecutionRequest(root/playForkNotifyStart http://localhost:9000)
Reading next message from client.
Sending msg to client play-fork-run-401890da-935b-4c6c-a234-4d69d516cc5f: (8,ExecutionRequestReceived(8))
Sending msg to client play-fork-run-401890da-935b-4c6c-a234-4d69d516cc5f: ExecutionWaiting(8,root/playForkNotifyStart http://localhost:9000,ClientInfo(401890da-935b-4c6c-a234-4d69d516cc5f,play-fork-run,Play Fork Run,1,Vector()))
Sending msg to client play-fork-run-401890da-935b-4c6c-a234-4d69d516cc5f: ExecutionStarting(8)
Sending msg to client play-fork-run-401890da-935b-4c6c-a234-4d69d516cc5f: DetachedLogEvent(LogMessage(debug,> root/playForkNotifyStart http://localhost:9000))
Sending msg to client play-fork-run-401890da-935b-4c6c-a234-4d69d516cc5f: DetachedLogEvent(LogMessage(debug,Evaluating tasks: *:playForkNotifyStart))
Sending msg to client play-fork-run-401890da-935b-4c6c-a234-4d69d516cc5f: DetachedLogEvent(LogMessage(debug,Running task... Cancel: sbt.server.ServerTaskCancellation@56496b49, check cycles: false))
Sending msg to client play-fork-run-401890da-935b-4c6c-a234-4d69d516cc5f: DetachedLogEvent(LogMessage(debug,cancel strategy start enabled=true lastCommand=Some(LastCommand(CommandExecutionWork(ExecutionId(8),root/playForkNotifyStart http://localhost:9000,Set(LiveClient(play-fork-run 401890da-935b-4c6c-a234-4d69d516cc5f)),sbt.server.WorkCancellationStatus$$anon$1@53b82945)))))
Sending msg to client play-fork-run-401890da-935b-4c6c-a234-4d69d516cc5f: TaskStarted(8,500,Some(AttributeKey[sbt.SendEventService]("sendEventService") in Scope(Global)))
Sending msg to client play-fork-run-401890da-935b-4c6c-a234-4d69d516cc5f: TaskFinished(8,500,Some(AttributeKey[sbt.SendEventService]("sendEventService") in Scope(Global)),true,None)
Sending msg to client play-fork-run-401890da-935b-4c6c-a234-4d69d516cc5f: TaskStarted(8,499,Some(AttributeKey[scala.Function1[java.lang.String,void]]("playForkStarted") in Scope(Build: file:/C:/Users/bram.zerbe/play-scala/, , Project: ProjectReference(file:/C:/Users/bram.zerbe/play-scala/,root))))
Sending msg to client play-fork-run-401890da-935b-4c6c-a234-4d69d516cc5f: TaskFinished(8,499,Some(AttributeKey[scala.Function1[java.lang.String,void]]("playForkStarted") in Scope(Build: file:/C:/Users/bram.zerbe/play-scala/, , Project: ProjectReference(file:/C:/Users/bram.zerbe/play-scala/,root))),true,None)
Sending msg to client play-fork-run-401890da-935b-4c6c-a234-4d69d516cc5f: TaskStarted(8,498,Some(AttributeKey[void]("playForkNotifyStart") in Scope(Build: file:/C:/Users/bram.zerbe/play-scala/, , Project: ProjectReference(file:/C:/Users/bram.zerbe/play-scala/,root))))
Sending msg to client play-fork-run-401890da-935b-4c6c-a234-4d69d516cc5f: TaskEvent(498,LazyValue(PlayServerStarted(http://localhost:9000),play.forkrun.protocol.Serializers$PlayForkrunProtocolPlayServerStartedPickler1$2$@5d694109))
Sending msg to client play-fork-run-401890da-935b-4c6c-a234-4d69d516cc5f: TaskFinished(8,498,Some(AttributeKey[void]("playForkNotifyStart") in Scope(Build: file:/C:/Users/bram.zerbe/play-scala/, , Project: ProjectReference(file:/C:/Users/bram.zerbe/play-scala/,root))),true,None)
Sending msg to client play-fork-run-401890da-935b-4c6c-a234-4d69d516cc5f: TaskStarted(8,497,None)
Sending msg to client play-fork-run-401890da-935b-4c6c-a234-4d69d516cc5f: TaskFinished(8,497,None,true,None)
Sending msg to client play-fork-run-401890da-935b-4c6c-a234-4d69d516cc5f: TaskStarted(8,496,None)
Sending msg to client play-fork-run-401890da-935b-4c6c-a234-4d69d516cc5f: TaskFinished(8,496,None,true,None)
Sending msg to client play-fork-run-401890da-935b-4c6c-a234-4d69d516cc5f: DetachedLogEvent(LogMessage(debug,cancel strategy finish enabled=false lastCommand=Some(LastCommand(CommandExecutionWork(ExecutionId(8),root/playForkNotifyStart http://localhost:9000,Set(LiveClient(play-fork-run 401890da-935b-4c6c-a234-4d69d516cc5f)),sbt.server.WorkCancellationStatus$$anon$1@53b82945)))))
Sending msg to client play-fork-run-401890da-935b-4c6c-a234-4d69d516cc5f: DetachedLogEvent(LogSuccess(Total time: 0 s, completed Aug 11, 2015 11:44:46 AM))
Sending msg to client play-fork-run-401890da-935b-4c6c-a234-4d69d516cc5f: DetachedLogEvent(LogMessage(debug,> server-post-command-cleanup))
Sending msg to client play-fork-run-401890da-935b-4c6c-a234-4d69d516cc5f: ExecutionSuccess(8)
Sending msg to client play-fork-run-401890da-935b-4c6c-a234-4d69d516cc5f: DetachedLogEvent(LogMessage(debug,> server-handle-next-server-request))
